debug: Thu, 27 Jul 2023 08:45:50 GMT
debug: Project: C:\work\code\github\Plugin\02A20230531_minigame_tp_005_2061_1
debug: Targets: editor,preview
debug: Incremental file seems great.
debug: Engine path: C:\ProgramData\cocos\editors\Creator\3.5.2\resources\resources\3d\engine
debug: Initializing target [Editor]
debug: Loading cache
debug: Loading cache costs 2.604100003838539ms.
debug: Engine features shipped in editor: base,gfx-webgl,gfx-webgl2,3d,animation,skeletal-animation,2d,ui,particle,particle-2d,physics-framework,physics-2d-framework,intersection-2d,primitive,profiler,audio,video,terrain,webview,tween,tiled-map,spine,dragon-bones,marionette
debug: Initializing target [Preview]
debug: Loading cache
debug: Loading cache costs 1.8427000045776367ms.
debug: Sync engine features: 2d,animation,audio,base,dragon-bones,gfx-webgl,gfx-webgl2,intersection-2d,marionette,particle-2d,physics-2d-box2d,profiler,skeletal-animation,spine,tiled-map,tween,ui,video,webview
debug: Pulling asset-db.
debug: Fetch asset-db cost: 57.56260000169277ms.
debug: Build iteration starts.
Number of accumulated asset changes: 3
Feature changed: false
debug: Target(editor) build started.
debug: Detected change: cce:/internal/x/cc. Last mtime: Thu Jan 01 1970 08:00:18 GMT+0800 (中国标准时间), Current mtime: Thu Jan 01 1970 08:00:13 GMT+0800 (中国标准时间)
debug: Inspect cce:/internal/x/cc
debug: Resolve cce:/internal/x/cc-fu/base from cce:/internal/x/cc as external dependency cce:/internal/x/cc-fu/base.
debug: Resolve cce:/internal/x/cc-fu/gfx-webgl from cce:/internal/x/cc as external dependency cce:/internal/x/cc-fu/gfx-webgl.
debug: Resolve cce:/internal/x/cc-fu/gfx-webgl2 from cce:/internal/x/cc as external dependency cce:/internal/x/cc-fu/gfx-webgl2.
debug: Resolve cce:/internal/x/cc-fu/3d from cce:/internal/x/cc as external dependency cce:/internal/x/cc-fu/3d.
debug: Resolve cce:/internal/x/cc-fu/animation from cce:/internal/x/cc as external dependency cce:/internal/x/cc-fu/animation.
debug: Resolve cce:/internal/x/cc-fu/skeletal-animation from cce:/internal/x/cc as external dependency cce:/internal/x/cc-fu/skeletal-animation.
debug: Resolve cce:/internal/x/cc-fu/2d from cce:/internal/x/cc as external dependency cce:/internal/x/cc-fu/2d.
debug: Resolve cce:/internal/x/cc-fu/ui from cce:/internal/x/cc as external dependency cce:/internal/x/cc-fu/ui.
debug: Resolve cce:/internal/x/cc-fu/particle from cce:/internal/x/cc as external dependency cce:/internal/x/cc-fu/particle.
debug: Resolve cce:/internal/x/cc-fu/particle-2d from cce:/internal/x/cc as external dependency cce:/internal/x/cc-fu/particle-2d.
debug: Resolve cce:/internal/x/cc-fu/physics-framework from cce:/internal/x/cc as external dependency cce:/internal/x/cc-fu/physics-framework.
debug: Resolve cce:/internal/x/cc-fu/physics-2d-framework from cce:/internal/x/cc as external dependency cce:/internal/x/cc-fu/physics-2d-framework.
debug: Resolve cce:/internal/x/cc-fu/intersection-2d from cce:/internal/x/cc as external dependency cce:/internal/x/cc-fu/intersection-2d.
debug: Resolve cce:/internal/x/cc-fu/primitive from cce:/internal/x/cc as external dependency cce:/internal/x/cc-fu/primitive.
debug: Resolve cce:/internal/x/cc-fu/profiler from cce:/internal/x/cc as external dependency cce:/internal/x/cc-fu/profiler.
debug: Resolve cce:/internal/x/cc-fu/audio from cce:/internal/x/cc as external dependency cce:/internal/x/cc-fu/audio.
debug: Resolve cce:/internal/x/cc-fu/video from cce:/internal/x/cc as external dependency cce:/internal/x/cc-fu/video.
debug: Resolve cce:/internal/x/cc-fu/terrain from cce:/internal/x/cc as external dependency cce:/internal/x/cc-fu/terrain.
debug: Resolve cce:/internal/x/cc-fu/webview from cce:/internal/x/cc as external dependency cce:/internal/x/cc-fu/webview.
debug: Resolve cce:/internal/x/cc-fu/tween from cce:/internal/x/cc as external dependency cce:/internal/x/cc-fu/tween.
debug: Resolve cce:/internal/x/cc-fu/tiled-map from cce:/internal/x/cc as external dependency cce:/internal/x/cc-fu/tiled-map.
debug: Resolve cce:/internal/x/cc-fu/spine from cce:/internal/x/cc as external dependency cce:/internal/x/cc-fu/spine.
debug: Resolve cce:/internal/x/cc-fu/dragon-bones from cce:/internal/x/cc as external dependency cce:/internal/x/cc-fu/dragon-bones.
debug: Detected change: cce:/internal/x/prerequisite-imports. Last mtime: Thu Jan 01 1970 08:00:18 GMT+0800 (中国标准时间), Current mtime: Thu Jan 01 1970 08:00:13 GMT+0800 (中国标准时间)
debug: Inspect cce:/internal/x/prerequisite-imports
debug: Resolve file:///C:/work/code/github/Plugin/02A20230531_minigame_tp_005_2061_1/assets/scenesaoeiowoieioweoirieowope/gamewooweuioasdlkjwojsdfiwoe.ts from cce:/internal/x/prerequisite-imports as file:///C:/work/code/github/Plugin/02A20230531_minigame_tp_005_2061_1/assets/scenesaoeiowoieioweoirieowope/gamewooweuioasdlkjwojsdfiwoe.ts.
debug: Detected change: cce:/internal/code-quality/cr.mjs. Last mtime: Thu Jul 27 2023 16:38:49 GMT+0800 (中国标准时间), Current mtime: Thu Jul 27 2023 16:45:37 GMT+0800 (中国标准时间)
debug: Inspect cce:/internal/code-quality/cr.mjs
debug: Resolve file:///C:/work/code/github/Plugin/02A20230531_minigame_tp_005_2061_1/assets/scenesaoeiowoieioweoirieowope/mainwoeoiodowopwe[uipoqwo.ts from cce:/internal/x/prerequisite-imports as file:///C:/work/code/github/Plugin/02A20230531_minigame_tp_005_2061_1/assets/scenesaoeiowoieioweoirieowope/mainwoeoiodowopwe[uipoqwo.ts.
debug: Resolve file:///C:/work/code/github/Plugin/02A20230531_minigame_tp_005_2061_1/assets/scenesaoeiowoieioweoirieowope/paiYidongowoefowfowwoiew.ts from cce:/internal/x/prerequisite-imports as file:///C:/work/code/github/Plugin/02A20230531_minigame_tp_005_2061_1/assets/scenesaoeiowoieioweoirieowope/paiYidongowoefowfowwoiew.ts.
debug: Target(editor) ends with cost 286.94230000674725ms.
debug: Target(preview) build started.
debug: Detected change: cce:/internal/x/cc. Last mtime: Thu Jan 01 1970 08:00:18 GMT+0800 (中国标准时间), Current mtime: Thu Jan 01 1970 08:00:13 GMT+0800 (中国标准时间)
debug: Inspect cce:/internal/x/cc
debug: Resolve cce:/internal/x/cc-fu/2d from cce:/internal/x/cc as external dependency cce:/internal/x/cc-fu/2d.
debug: Resolve cce:/internal/x/cc-fu/animation from cce:/internal/x/cc as external dependency cce:/internal/x/cc-fu/animation.
debug: Resolve cce:/internal/x/cc-fu/audio from cce:/internal/x/cc as external dependency cce:/internal/x/cc-fu/audio.
debug: Resolve cce:/internal/x/cc-fu/base from cce:/internal/x/cc as external dependency cce:/internal/x/cc-fu/base.
debug: Resolve cce:/internal/x/cc-fu/dragon-bones from cce:/internal/x/cc as external dependency cce:/internal/x/cc-fu/dragon-bones.
debug: Resolve cce:/internal/x/cc-fu/gfx-webgl from cce:/internal/x/cc as external dependency cce:/internal/x/cc-fu/gfx-webgl.
debug: Resolve cce:/internal/x/cc-fu/gfx-webgl2 from cce:/internal/x/cc as external dependency cce:/internal/x/cc-fu/gfx-webgl2.
debug: Resolve cce:/internal/x/cc-fu/intersection-2d from cce:/internal/x/cc as external dependency cce:/internal/x/cc-fu/intersection-2d.
debug: Resolve cce:/internal/x/cc-fu/particle-2d from cce:/internal/x/cc as external dependency cce:/internal/x/cc-fu/particle-2d.
debug: Resolve cce:/internal/x/cc-fu/physics-2d-box2d from cce:/internal/x/cc as external dependency cce:/internal/x/cc-fu/physics-2d-box2d.
debug: Resolve cce:/internal/x/cc-fu/physics-2d-framework from cce:/internal/x/cc as external dependency cce:/internal/x/cc-fu/physics-2d-framework.
debug: Resolve cce:/internal/x/cc-fu/profiler from cce:/internal/x/cc as external dependency cce:/internal/x/cc-fu/profiler.
debug: Resolve cce:/internal/x/cc-fu/skeletal-animation from cce:/internal/x/cc as external dependency cce:/internal/x/cc-fu/skeletal-animation.
debug: Resolve cce:/internal/x/cc-fu/spine from cce:/internal/x/cc as external dependency cce:/internal/x/cc-fu/spine.
debug: Resolve cce:/internal/x/cc-fu/tiled-map from cce:/internal/x/cc as external dependency cce:/internal/x/cc-fu/tiled-map.
debug: Resolve cce:/internal/x/cc-fu/tween from cce:/internal/x/cc as external dependency cce:/internal/x/cc-fu/tween.
debug: Resolve cce:/internal/x/cc-fu/ui from cce:/internal/x/cc as external dependency cce:/internal/x/cc-fu/ui.
debug: Resolve cce:/internal/x/cc-fu/video from cce:/internal/x/cc as external dependency cce:/internal/x/cc-fu/video.
debug: Resolve cce:/internal/x/cc-fu/webview from cce:/internal/x/cc as external dependency cce:/internal/x/cc-fu/webview.
debug: Detected change: cce:/internal/x/prerequisite-imports. Last mtime: Thu Jan 01 1970 08:00:18 GMT+0800 (中国标准时间), Current mtime: Thu Jan 01 1970 08:00:13 GMT+0800 (中国标准时间)
debug: Inspect cce:/internal/x/prerequisite-imports
debug: Resolve file:///C:/work/code/github/Plugin/02A20230531_minigame_tp_005_2061_1/assets/scenesaoeiowoieioweoirieowope/gamewooweuioasdlkjwojsdfiwoe.ts from cce:/internal/x/prerequisite-imports as file:///C:/work/code/github/Plugin/02A20230531_minigame_tp_005_2061_1/assets/scenesaoeiowoieioweoirieowope/gamewooweuioasdlkjwojsdfiwoe.ts.
debug: Detected change: cce:/internal/code-quality/cr.mjs. Last mtime: Thu Jul 27 2023 16:38:49 GMT+0800 (中国标准时间), Current mtime: Thu Jul 27 2023 16:45:37 GMT+0800 (中国标准时间)
debug: Inspect cce:/internal/code-quality/cr.mjs
debug: Resolve file:///C:/work/code/github/Plugin/02A20230531_minigame_tp_005_2061_1/assets/scenesaoeiowoieioweoirieowope/mainwoeoiodowopwe[uipoqwo.ts from cce:/internal/x/prerequisite-imports as file:///C:/work/code/github/Plugin/02A20230531_minigame_tp_005_2061_1/assets/scenesaoeiowoieioweoirieowope/mainwoeoiodowopwe[uipoqwo.ts.
debug: Resolve file:///C:/work/code/github/Plugin/02A20230531_minigame_tp_005_2061_1/assets/scenesaoeiowoieioweoirieowope/paiYidongowoefowfowwoiew.ts from cce:/internal/x/prerequisite-imports as file:///C:/work/code/github/Plugin/02A20230531_minigame_tp_005_2061_1/assets/scenesaoeiowoieioweoirieowope/paiYidongowoefowfowwoiew.ts.
debug: Target(preview) ends with cost 184.37529999017715ms.
