[
  {
    "level": "INFO",
    "message": "android.ndkVersion from module build.gradle is [not set]"
  },
  {
    "level": "INFO",
    "message": "android.ndkPath from module build.gradle is C:\\Users\\1\\AppData\\Local\\Android\\Sdk\\ndk\\25.2.9519653"
  },
  {
    "level": "INFO",
    "message": "ndk.dir in local.properties is C:\\Users\\1\\AppData\\Local\\Android\\Sdk\\ndk\\25.2.9519653"
  },
  {
    "level": "INFO",
    "message": "Not considering ANDROID_NDK_HOME because support was removed after deprecation period."
  },
  {
    "level": "INFO",
    "message": "sdkFolder is C:\\Users\\1\\AppData\\Local\\Android\\Sdk"
  },
  {
    "level": "INFO",
    "message": "Because no explicit NDK was requested, the default version [21.1.6352462] for this Android Gradle Plugin will be used"
  },
  {
    "level": "ERROR",
    "message": "Both android.ndkPath and ndk.dir in local.properties are set"
  }
]